<?xml version="1.0" encoding="UTF-8"?>
<robot generator="Robot 6.0.2 (Python 3.11.3 on win32)" generated="20230522 05:24:12.936" rpa="false" schemaversion="3">
<suite id="s1" name="Testcases Hrm" source="c:\Users\dharm\.robotframework-ls\testcases_hrm.robot">
<test id="s1-t1" name="login_test" line="14">
<kw name="start browser and Maximize" library="Resources" type="SETUP">
<kw name="Open Browser" library="SeleniumLibrary">
<arg>${url}</arg>
<arg>${browser}</arg>
<doc>Opens a new browser instance to the optional ``url``.</doc>
<msg timestamp="20230522 05:24:13.106" level="INFO">Opening browser 'edge' to base url 'https://opensource-demo.orangehrmlive.com/'.</msg>
<status status="PASS" starttime="20230522 05:24:13.106" endtime="20230522 05:24:17.148"/>
</kw>
<kw name="Maximize Browser Window" library="SeleniumLibrary">
<doc>Maximizes current browser window.</doc>
<status status="PASS" starttime="20230522 05:24:17.148" endtime="20230522 05:24:17.263"/>
</kw>
<kw name="Sleep" library="BuiltIn">
<arg>3</arg>
<doc>Pauses the test executed for the given time.</doc>
<msg timestamp="20230522 05:24:20.264" level="INFO">Slept 3 seconds</msg>
<status status="PASS" starttime="20230522 05:24:17.264" endtime="20230522 05:24:20.264"/>
</kw>
<status status="PASS" starttime="20230522 05:24:13.105" endtime="20230522 05:24:20.264"/>
</kw>
<kw name="Enter username password click" library="Resources">
<kw name="Input Text" library="SeleniumLibrary">
<arg>${Username_login}</arg>
<arg>Admin</arg>
<doc>Types the given ``text`` into the text field identified by ``locator``.</doc>
<msg timestamp="20230522 05:24:20.269" level="INFO">Typing text 'Admin' into text field '//input[@placeholder='Username']'.</msg>
<status status="PASS" starttime="20230522 05:24:20.268" endtime="20230522 05:24:20.348"/>
</kw>
<kw name="Sleep" library="BuiltIn">
<arg>3</arg>
<doc>Pauses the test executed for the given time.</doc>
<msg timestamp="20230522 05:24:23.348" level="INFO">Slept 3 seconds</msg>
<status status="PASS" starttime="20230522 05:24:20.348" endtime="20230522 05:24:23.348"/>
</kw>
<kw name="Input Text" library="SeleniumLibrary">
<arg>${Password_login}</arg>
<arg>admin123</arg>
<doc>Types the given ``text`` into the text field identified by ``locator``.</doc>
<msg timestamp="20230522 05:24:23.348" level="INFO">Typing text 'admin123' into text field '//input[@placeholder='Password']'.</msg>
<status status="PASS" starttime="20230522 05:24:23.348" endtime="20230522 05:24:23.438"/>
</kw>
<kw name="Sleep" library="BuiltIn">
<arg>3</arg>
<doc>Pauses the test executed for the given time.</doc>
<msg timestamp="20230522 05:24:26.442" level="INFO">Slept 3 seconds</msg>
<status status="PASS" starttime="20230522 05:24:23.441" endtime="20230522 05:24:26.442"/>
</kw>
<kw name="Click Button" library="SeleniumLibrary">
<arg>${loginbutton}</arg>
<doc>Clicks the button identified by ``locator``.</doc>
<msg timestamp="20230522 05:24:26.442" level="INFO">Clicking button '//button[@type='submit']'.</msg>
<status status="PASS" starttime="20230522 05:24:26.442" endtime="20230522 05:24:26.495"/>
</kw>
<kw name="Sleep" library="BuiltIn">
<arg>2</arg>
<doc>Pauses the test executed for the given time.</doc>
<msg timestamp="20230522 05:24:28.496" level="INFO">Slept 2 seconds</msg>
<status status="PASS" starttime="20230522 05:24:26.495" endtime="20230522 05:24:28.496"/>
</kw>
<kw name="Title Should Be" library="SeleniumLibrary">
<arg>OrangeHRM</arg>
<doc>Verifies that the current page title equals ``title``.</doc>
<msg timestamp="20230522 05:24:28.505" level="INFO">Page title is 'OrangeHRM'.</msg>
<status status="PASS" starttime="20230522 05:24:28.496" endtime="20230522 05:24:28.505"/>
</kw>
<status status="PASS" starttime="20230522 05:24:20.267" endtime="20230522 05:24:28.505"/>
</kw>
<kw name="Close Browser" library="SeleniumLibrary" type="TEARDOWN">
<doc>Closes the current browser.</doc>
<status status="PASS" starttime="20230522 05:24:28.508" endtime="20230522 05:24:30.683"/>
</kw>
<status status="PASS" starttime="20230522 05:24:13.104" endtime="20230522 05:24:30.685"/>
</test>
<test id="s1-t2" name="test_case1" line="16">
<kw name="start browser and Maximize" library="Resources" type="SETUP">
<kw name="Open Browser" library="SeleniumLibrary">
<arg>${url}</arg>
<arg>${browser}</arg>
<doc>Opens a new browser instance to the optional ``url``.</doc>
<msg timestamp="20230522 05:24:30.685" level="INFO">Opening browser 'edge' to base url 'https://opensource-demo.orangehrmlive.com/'.</msg>
<status status="PASS" starttime="20230522 05:24:30.685" endtime="20230522 05:24:46.455"/>
</kw>
<kw name="Maximize Browser Window" library="SeleniumLibrary">
<doc>Maximizes current browser window.</doc>
<status status="PASS" starttime="20230522 05:24:46.456" endtime="20230522 05:24:46.583"/>
</kw>
<kw name="Sleep" library="BuiltIn">
<arg>3</arg>
<doc>Pauses the test executed for the given time.</doc>
<msg timestamp="20230522 05:24:49.584" level="INFO">Slept 3 seconds</msg>
<status status="PASS" starttime="20230522 05:24:46.584" endtime="20230522 05:24:49.584"/>
</kw>
<status status="PASS" starttime="20230522 05:24:30.685" endtime="20230522 05:24:49.585"/>
</kw>
<kw name="Enter username password click" library="Resources">
<kw name="Input Text" library="SeleniumLibrary">
<arg>${Username_login}</arg>
<arg>Admin</arg>
<doc>Types the given ``text`` into the text field identified by ``locator``.</doc>
<msg timestamp="20230522 05:24:49.587" level="INFO">Typing text 'Admin' into text field '//input[@placeholder='Username']'.</msg>
<status status="PASS" starttime="20230522 05:24:49.586" endtime="20230522 05:24:49.663"/>
</kw>
<kw name="Sleep" library="BuiltIn">
<arg>3</arg>
<doc>Pauses the test executed for the given time.</doc>
<msg timestamp="20230522 05:24:52.664" level="INFO">Slept 3 seconds</msg>
<status status="PASS" starttime="20230522 05:24:49.663" endtime="20230522 05:24:52.664"/>
</kw>
<kw name="Input Text" library="SeleniumLibrary">
<arg>${Password_login}</arg>
<arg>admin123</arg>
<doc>Types the given ``text`` into the text field identified by ``locator``.</doc>
<msg timestamp="20230522 05:24:52.666" level="INFO">Typing text 'admin123' into text field '//input[@placeholder='Password']'.</msg>
<status status="PASS" starttime="20230522 05:24:52.665" endtime="20230522 05:24:52.747"/>
</kw>
<kw name="Sleep" library="BuiltIn">
<arg>3</arg>
<doc>Pauses the test executed for the given time.</doc>
<msg timestamp="20230522 05:24:55.750" level="INFO">Slept 3 seconds</msg>
<status status="PASS" starttime="20230522 05:24:52.750" endtime="20230522 05:24:55.750"/>
</kw>
<kw name="Click Button" library="SeleniumLibrary">
<arg>${loginbutton}</arg>
<doc>Clicks the button identified by ``locator``.</doc>
<msg timestamp="20230522 05:24:55.753" level="INFO">Clicking button '//button[@type='submit']'.</msg>
<status status="PASS" starttime="20230522 05:24:55.752" endtime="20230522 05:24:55.796"/>
</kw>
<kw name="Sleep" library="BuiltIn">
<arg>2</arg>
<doc>Pauses the test executed for the given time.</doc>
<msg timestamp="20230522 05:24:57.798" level="INFO">Slept 2 seconds</msg>
<status status="PASS" starttime="20230522 05:24:55.797" endtime="20230522 05:24:57.798"/>
</kw>
<kw name="Title Should Be" library="SeleniumLibrary">
<arg>OrangeHRM</arg>
<doc>Verifies that the current page title equals ``title``.</doc>
<msg timestamp="20230522 05:24:57.803" level="INFO">Page title is 'OrangeHRM'.</msg>
<status status="PASS" starttime="20230522 05:24:57.799" endtime="20230522 05:24:57.803"/>
</kw>
<status status="PASS" starttime="20230522 05:24:49.586" endtime="20230522 05:24:57.803"/>
</kw>
<kw name="In admin adduser and loggedout" library="Resources">
<kw name="Click Element" library="SeleniumLibrary">
<arg>${addelement}</arg>
<doc>Click the element identified by ``locator``.</doc>
<msg timestamp="20230522 05:24:57.806" level="INFO">Clicking element '//body/div[@id='app']/div[1]/div[1]/aside[1]/nav[1]/div[2]/ul[1]/li[1]/a[1]/span[1]'.</msg>
<status status="PASS" starttime="20230522 05:24:57.805" endtime="20230522 05:24:58.944"/>
</kw>
<kw name="Sleep" library="BuiltIn">
<arg>2</arg>
<doc>Pauses the test executed for the given time.</doc>
<msg timestamp="20230522 05:25:00.946" level="INFO">Slept 2 seconds</msg>
<status status="PASS" starttime="20230522 05:24:58.945" endtime="20230522 05:25:00.946"/>
</kw>
<kw name="Click Element" library="SeleniumLibrary">
<arg>${button1}</arg>
<doc>Click the element identified by ``locator``.</doc>
<msg timestamp="20230522 05:25:00.946" level="INFO">Clicking element '//button[normalize-space()='Add']'.</msg>
<status status="PASS" starttime="20230522 05:25:00.946" endtime="20230522 05:25:01.395"/>
</kw>
<kw name="Wait Until Element Is Visible" library="SeleniumLibrary">
<arg>${selectelement}</arg>
<arg>timeout=10</arg>
<doc>Waits until the element ``locator`` is visible.</doc>
<status status="PASS" starttime="20230522 05:25:01.396" endtime="20230522 05:25:02.048"/>
</kw>
<kw name="Wait Until Element Is Enabled" library="SeleniumLibrary">
<arg>${selectelement}</arg>
<arg>timeout=10</arg>
<doc>Waits until the element ``locator`` is enabled.</doc>
<status status="PASS" starttime="20230522 05:25:02.048" endtime="20230522 05:25:02.058"/>
</kw>
<kw name="Click Element" library="SeleniumLibrary">
<arg>${selectelement}</arg>
<doc>Click the element identified by ``locator``.</doc>
<msg timestamp="20230522 05:25:02.058" level="INFO">Clicking element '//div[contains (text(),'-- Select --')] '.</msg>
<status status="PASS" starttime="20230522 05:25:02.058" endtime="20230522 05:25:02.096"/>
</kw>
<kw name="Click Element" library="SeleniumLibrary">
<arg>${selectadmin}</arg>
<doc>Click the element identified by ``locator``.</doc>
<msg timestamp="20230522 05:25:02.097" level="INFO">Clicking element '//span[contains(text(),'Admin')]'.</msg>
<status status="PASS" starttime="20230522 05:25:02.096" endtime="20230522 05:25:02.132"/>
</kw>
<kw name="Sleep" library="BuiltIn">
<arg>3</arg>
<doc>Pauses the test executed for the given time.</doc>
<msg timestamp="20230522 05:25:05.132" level="INFO">Slept 3 seconds</msg>
<status status="PASS" starttime="20230522 05:25:02.132" endtime="20230522 05:25:05.132"/>
</kw>
<kw name="Click Element" library="SeleniumLibrary">
<arg>${selectelement2}</arg>
<doc>Click the element identified by ``locator``.</doc>
<msg timestamp="20230522 05:25:05.132" level="INFO">Clicking element '//body/div[@id='app']/div[1]/div[2]/div[2]/div[1]/div[1]/form[1]/div[1]/div[1]/div[3]/div[1]/div[2]/div[1]/div[1]'.</msg>
<status status="PASS" starttime="20230522 05:25:05.132" endtime="20230522 05:25:05.176"/>
</kw>
<kw name="Sleep" library="BuiltIn">
<arg>3</arg>
<doc>Pauses the test executed for the given time.</doc>
<msg timestamp="20230522 05:25:08.177" level="INFO">Slept 3 seconds</msg>
<status status="PASS" starttime="20230522 05:25:05.176" endtime="20230522 05:25:08.177"/>
</kw>
<kw name="Click Element" library="SeleniumLibrary">
<arg>${selectenable}</arg>
<doc>Click the element identified by ``locator``.</doc>
<msg timestamp="20230522 05:25:08.179" level="INFO">Clicking element '//span[contains(text(),'Enabled')]'.</msg>
<status status="PASS" starttime="20230522 05:25:08.177" endtime="20230522 05:25:08.220"/>
</kw>
<kw name="Sleep" library="BuiltIn">
<arg>3</arg>
<doc>Pauses the test executed for the given time.</doc>
<msg timestamp="20230522 05:25:11.220" level="INFO">Slept 3 seconds</msg>
<status status="PASS" starttime="20230522 05:25:08.220" endtime="20230522 05:25:11.220"/>
</kw>
<kw name="Input Text" library="SeleniumLibrary">
<arg>${name1}</arg>
<arg>'Jhansi'</arg>
<doc>Types the given ``text`` into the text field identified by ``locator``.</doc>
<msg timestamp="20230522 05:25:11.220" level="INFO">Typing text ''Jhansi'' into text field '//input[@placeholder='Type for hints...']'.</msg>
<status status="PASS" starttime="20230522 05:25:11.220" endtime="20230522 05:25:11.299"/>
</kw>
<kw name="Sleep" library="BuiltIn">
<arg>3</arg>
<doc>Pauses the test executed for the given time.</doc>
<msg timestamp="20230522 05:25:14.301" level="INFO">Slept 3 seconds</msg>
<status status="PASS" starttime="20230522 05:25:11.300" endtime="20230522 05:25:14.301"/>
</kw>
<kw name="Input Text" library="SeleniumLibrary">
<arg>${adminname}</arg>
<arg>"adminlatha"</arg>
<doc>Types the given ``text`` into the text field identified by ``locator``.</doc>
<msg timestamp="20230522 05:25:14.301" level="INFO">Typing text '"adminlatha"' into text field '//body/div[@id='app']/div[1]/div[2]/div[2]/div[1]/div[1]/form[1]/div[1]/div[1]/div[4]/div[1]/div[2]/input[1]'.</msg>
<status status="PASS" starttime="20230522 05:25:14.301" endtime="20230522 05:25:14.413"/>
</kw>
<kw name="Sleep" library="BuiltIn">
<arg>4</arg>
<doc>Pauses the test executed for the given time.</doc>
<msg timestamp="20230522 05:25:18.414" level="INFO">Slept 4 seconds</msg>
<status status="PASS" starttime="20230522 05:25:14.413" endtime="20230522 05:25:18.414"/>
</kw>
<kw name="Input Text" library="SeleniumLibrary">
<arg>${admin_password}</arg>
<arg>jhansi@123</arg>
<doc>Types the given ``text`` into the text field identified by ``locator``.</doc>
<msg timestamp="20230522 05:25:18.414" level="INFO">Typing text 'jhansi@123' into text field '//div[@class='oxd-grid-item oxd-grid-item--gutters user-password-cell']//div[@class='oxd-input-group oxd-input-field-bottom-space']//div//input[@type='password']'.</msg>
<status status="PASS" starttime="20230522 05:25:18.414" endtime="20230522 05:25:18.565"/>
</kw>
<kw name="Sleep" library="BuiltIn">
<arg>3</arg>
<doc>Pauses the test executed for the given time.</doc>
<msg timestamp="20230522 05:25:21.566" level="INFO">Slept 3 seconds</msg>
<status status="PASS" starttime="20230522 05:25:18.565" endtime="20230522 05:25:21.566"/>
</kw>
<kw name="Input Text" library="SeleniumLibrary">
<arg>${confrm_password}</arg>
<arg>jhansi@123</arg>
<doc>Types the given ``text`` into the text field identified by ``locator``.</doc>
<msg timestamp="20230522 05:25:21.566" level="INFO">Typing text 'jhansi@123' into text field '//div[@class='oxd-grid-item oxd-grid-item--gutters']//div[@class='oxd-input-group oxd-input-field-bottom-space']//div//input[@type='password'] '.</msg>
<status status="PASS" starttime="20230522 05:25:21.566" endtime="20230522 05:25:21.677"/>
</kw>
<kw name="Sleep" library="BuiltIn">
<arg>3</arg>
<doc>Pauses the test executed for the given time.</doc>
<msg timestamp="20230522 05:25:24.678" level="INFO">Slept 3 seconds</msg>
<status status="PASS" starttime="20230522 05:25:21.677" endtime="20230522 05:25:24.678"/>
</kw>
<kw name="Click Button" library="SeleniumLibrary">
<arg>${save_button}</arg>
<doc>Clicks the button identified by ``locator``.</doc>
<msg timestamp="20230522 05:25:24.678" level="INFO">Clicking button '//body/div[@id='app']/div[1]/div[2]/div[2]/div[1]/div[1]/form[1]/div[3]/button[2]'.</msg>
<status status="PASS" starttime="20230522 05:25:24.678" endtime="20230522 05:25:24.725"/>
</kw>
<kw name="Sleep" library="BuiltIn">
<arg>4</arg>
<doc>Pauses the test executed for the given time.</doc>
<msg timestamp="20230522 05:25:28.726" level="INFO">Slept 4 seconds</msg>
<status status="PASS" starttime="20230522 05:25:24.725" endtime="20230522 05:25:28.727"/>
</kw>
<kw name="Click Element" library="SeleniumLibrary">
<arg>${element}</arg>
<doc>Click the element identified by ``locator``.</doc>
<msg timestamp="20230522 05:25:28.727" level="INFO">Clicking element '//body[1]/div[1]/div[1]/div[1]/header[1]/div[1]/div[2]/ul[1]/li[1]/span[1]/i[1]'.</msg>
<status status="PASS" starttime="20230522 05:25:28.727" endtime="20230522 05:25:28.768"/>
</kw>
<kw name="Sleep" library="BuiltIn">
<arg>5</arg>
<doc>Pauses the test executed for the given time.</doc>
<msg timestamp="20230522 05:25:33.768" level="INFO">Slept 5 seconds</msg>
<status status="PASS" starttime="20230522 05:25:28.768" endtime="20230522 05:25:33.768"/>
</kw>
<kw name="Click Element" library="SeleniumLibrary">
<arg>${logout}</arg>
<doc>Click the element identified by ``locator``.</doc>
<msg timestamp="20230522 05:25:33.768" level="INFO">Clicking element '//a[contains(text(),'Logout')]'.</msg>
<status status="PASS" starttime="20230522 05:25:33.768" endtime="20230522 05:25:34.778"/>
</kw>
<kw name="Sleep" library="BuiltIn">
<arg>3</arg>
<doc>Pauses the test executed for the given time.</doc>
<msg timestamp="20230522 05:25:37.779" level="INFO">Slept 3 seconds</msg>
<status status="PASS" starttime="20230522 05:25:34.778" endtime="20230522 05:25:37.779"/>
</kw>
<status status="PASS" starttime="20230522 05:24:57.804" endtime="20230522 05:25:37.780"/>
</kw>
<kw name="Close Browser" library="SeleniumLibrary" type="TEARDOWN">
<doc>Closes the current browser.</doc>
<status status="PASS" starttime="20230522 05:25:37.781" endtime="20230522 05:25:39.952"/>
</kw>
<status status="PASS" starttime="20230522 05:24:30.685" endtime="20230522 05:25:39.952"/>
</test>
<test id="s1-t3" name="test_case2" line="19">
<kw name="start browser and Maximize" library="Resources" type="SETUP">
<kw name="Open Browser" library="SeleniumLibrary">
<arg>${url}</arg>
<arg>${browser}</arg>
<doc>Opens a new browser instance to the optional ``url``.</doc>
<msg timestamp="20230522 05:25:39.952" level="INFO">Opening browser 'edge' to base url 'https://opensource-demo.orangehrmlive.com/'.</msg>
<status status="PASS" starttime="20230522 05:25:39.952" endtime="20230522 05:25:51.386"/>
</kw>
<kw name="Maximize Browser Window" library="SeleniumLibrary">
<doc>Maximizes current browser window.</doc>
<status status="PASS" starttime="20230522 05:25:51.386" endtime="20230522 05:25:51.506"/>
</kw>
<kw name="Sleep" library="BuiltIn">
<arg>3</arg>
<doc>Pauses the test executed for the given time.</doc>
<msg timestamp="20230522 05:25:54.506" level="INFO">Slept 3 seconds</msg>
<status status="PASS" starttime="20230522 05:25:51.506" endtime="20230522 05:25:54.506"/>
</kw>
<status status="PASS" starttime="20230522 05:25:39.952" endtime="20230522 05:25:54.507"/>
</kw>
<kw name="Enter username password click" library="Resources">
<kw name="Input Text" library="SeleniumLibrary">
<arg>${Username_login}</arg>
<arg>Admin</arg>
<doc>Types the given ``text`` into the text field identified by ``locator``.</doc>
<msg timestamp="20230522 05:25:54.510" level="INFO">Typing text 'Admin' into text field '//input[@placeholder='Username']'.</msg>
<status status="PASS" starttime="20230522 05:25:54.509" endtime="20230522 05:25:54.581"/>
</kw>
<kw name="Sleep" library="BuiltIn">
<arg>3</arg>
<doc>Pauses the test executed for the given time.</doc>
<msg timestamp="20230522 05:25:57.581" level="INFO">Slept 3 seconds</msg>
<status status="PASS" starttime="20230522 05:25:54.581" endtime="20230522 05:25:57.581"/>
</kw>
<kw name="Input Text" library="SeleniumLibrary">
<arg>${Password_login}</arg>
<arg>admin123</arg>
<doc>Types the given ``text`` into the text field identified by ``locator``.</doc>
<msg timestamp="20230522 05:25:57.583" level="INFO">Typing text 'admin123' into text field '//input[@placeholder='Password']'.</msg>
<status status="PASS" starttime="20230522 05:25:57.582" endtime="20230522 05:25:57.664"/>
</kw>
<kw name="Sleep" library="BuiltIn">
<arg>3</arg>
<doc>Pauses the test executed for the given time.</doc>
<msg timestamp="20230522 05:26:00.665" level="INFO">Slept 3 seconds</msg>
<status status="PASS" starttime="20230522 05:25:57.665" endtime="20230522 05:26:00.665"/>
</kw>
<kw name="Click Button" library="SeleniumLibrary">
<arg>${loginbutton}</arg>
<doc>Clicks the button identified by ``locator``.</doc>
<msg timestamp="20230522 05:26:00.667" level="INFO">Clicking button '//button[@type='submit']'.</msg>
<status status="PASS" starttime="20230522 05:26:00.666" endtime="20230522 05:26:00.709"/>
</kw>
<kw name="Sleep" library="BuiltIn">
<arg>2</arg>
<doc>Pauses the test executed for the given time.</doc>
<msg timestamp="20230522 05:26:02.710" level="INFO">Slept 2 seconds</msg>
<status status="PASS" starttime="20230522 05:26:00.709" endtime="20230522 05:26:02.710"/>
</kw>
<kw name="Title Should Be" library="SeleniumLibrary">
<arg>OrangeHRM</arg>
<doc>Verifies that the current page title equals ``title``.</doc>
<msg timestamp="20230522 05:26:02.723" level="INFO">Page title is 'OrangeHRM'.</msg>
<status status="PASS" starttime="20230522 05:26:02.713" endtime="20230522 05:26:02.723"/>
</kw>
<status status="PASS" starttime="20230522 05:25:54.508" endtime="20230522 05:26:02.723"/>
</kw>
<kw name="Sleep" library="BuiltIn">
<arg>4</arg>
<doc>Pauses the test executed for the given time.</doc>
<msg timestamp="20230522 05:26:06.725" level="INFO">Slept 4 seconds</msg>
<status status="PASS" starttime="20230522 05:26:02.723" endtime="20230522 05:26:06.725"/>
</kw>
<kw name="Enter into the pim module" library="Resources">
<kw name="Click Element" library="SeleniumLibrary">
<arg>${pim}</arg>
<doc>Click the element identified by ``locator``.</doc>
<msg timestamp="20230522 05:26:06.725" level="INFO">Clicking element '//body/div[@id='app']/div[1]/div[1]/aside[1]/nav[1]/div[2]/ul[1]/li[2]/a[1]/span[1]'.</msg>
<status status="PASS" starttime="20230522 05:26:06.725" endtime="20230522 05:26:07.772"/>
</kw>
<kw name="Sleep" library="BuiltIn">
<arg>3</arg>
<doc>Pauses the test executed for the given time.</doc>
<msg timestamp="20230522 05:26:10.775" level="INFO">Slept 3 seconds</msg>
<status status="PASS" starttime="20230522 05:26:07.773" endtime="20230522 05:26:10.775"/>
</kw>
<kw name="Click Button" library="SeleniumLibrary">
<arg>${addemployee}</arg>
<doc>Clicks the button identified by ``locator``.</doc>
<msg timestamp="20230522 05:26:10.775" level="INFO">Clicking button '//body/div[@id='app']/div[1]/div[2]/div[2]/div[1]/div[2]/div[1]/button[1]'.</msg>
<status status="PASS" starttime="20230522 05:26:10.775" endtime="20230522 05:26:11.240"/>
</kw>
<kw name="Sleep" library="BuiltIn">
<arg>3</arg>
<doc>Pauses the test executed for the given time.</doc>
<msg timestamp="20230522 05:26:14.243" level="INFO">Slept 3 seconds</msg>
<status status="PASS" starttime="20230522 05:26:11.241" endtime="20230522 05:26:14.243"/>
</kw>
<status status="PASS" starttime="20230522 05:26:06.725" endtime="20230522 05:26:14.243"/>
</kw>
<kw name="Sleep" library="BuiltIn">
<arg>3</arg>
<doc>Pauses the test executed for the given time.</doc>
<msg timestamp="20230522 05:26:17.243" level="INFO">Slept 3 seconds</msg>
<status status="PASS" starttime="20230522 05:26:14.243" endtime="20230522 05:26:17.243"/>
</kw>
<kw name="Adding the employee details" library="Resources">
<kw name="Input Text" library="SeleniumLibrary">
<arg>${employee_firstname}</arg>
<arg>jhansi</arg>
<doc>Types the given ``text`` into the text field identified by ``locator``.</doc>
<msg timestamp="20230522 05:26:17.248" level="INFO">Typing text 'jhansi' into text field '//body/div[@id='app']/div[1]/div[2]/div[2]/div[1]/div[1]/form[1]/div[1]/div[2]/div[1]/div[1]/div[1]/div[1]/div[2]/div[1]/div[2]/input[1] '.</msg>
<status status="PASS" starttime="20230522 05:26:17.243" endtime="20230522 05:26:17.334"/>
</kw>
<kw name="Sleep" library="BuiltIn">
<arg>3</arg>
<doc>Pauses the test executed for the given time.</doc>
<msg timestamp="20230522 05:26:20.336" level="INFO">Slept 3 seconds</msg>
<status status="PASS" starttime="20230522 05:26:17.334" endtime="20230522 05:26:20.336"/>
</kw>
<kw name="Input Text" library="SeleniumLibrary">
<arg>${employee_middlename}</arg>
<arg>eswar</arg>
<doc>Types the given ``text`` into the text field identified by ``locator``.</doc>
<msg timestamp="20230522 05:26:20.336" level="INFO">Typing text 'eswar' into text field '//body/div[@id='app']/div[1]/div[2]/div[2]/div[1]/div[1]/form[1]/div[1]/div[2]/div[1]/div[1]/div[1]/div[1]/div[2]/div[2]/div[2]/input[1]'.</msg>
<status status="PASS" starttime="20230522 05:26:20.336" endtime="20230522 05:26:20.423"/>
</kw>
<kw name="Sleep" library="BuiltIn">
<arg>3</arg>
<doc>Pauses the test executed for the given time.</doc>
<msg timestamp="20230522 05:26:23.424" level="INFO">Slept 3 seconds</msg>
<status status="PASS" starttime="20230522 05:26:20.424" endtime="20230522 05:26:23.424"/>
</kw>
<kw name="Input Text" library="SeleniumLibrary">
<arg>${employee_lastname}</arg>
<arg>latha</arg>
<doc>Types the given ``text`` into the text field identified by ``locator``.</doc>
<msg timestamp="20230522 05:26:23.426" level="INFO">Typing text 'latha' into text field '//input[@placeholder='Last Name']'.</msg>
<status status="PASS" starttime="20230522 05:26:23.424" endtime="20230522 05:26:23.515"/>
</kw>
<kw name="Sleep" library="BuiltIn">
<arg>2</arg>
<doc>Pauses the test executed for the given time.</doc>
<msg timestamp="20230522 05:26:25.516" level="INFO">Slept 2 seconds</msg>
<status status="PASS" starttime="20230522 05:26:23.515" endtime="20230522 05:26:25.516"/>
</kw>
<kw name="Input Text" library="SeleniumLibrary">
<arg>${employee_id}</arg>
<arg>0777</arg>
<doc>Types the given ``text`` into the text field identified by ``locator``.</doc>
<msg timestamp="20230522 05:26:25.516" level="INFO">Typing text '0777' into text field '//body/div[@id='app']/div[1]/div[2]/div[2]/div[1]/div[1]/form[1]/div[1]/div[2]/div[1]/div[2]/div[1]/div[1]/div[2]/input[1]'.</msg>
<status status="PASS" starttime="20230522 05:26:25.516" endtime="20230522 05:26:25.594"/>
</kw>
<kw name="Sleep" library="BuiltIn">
<arg>3</arg>
<doc>Pauses the test executed for the given time.</doc>
<msg timestamp="20230522 05:26:28.595" level="INFO">Slept 3 seconds</msg>
<status status="PASS" starttime="20230522 05:26:25.594" endtime="20230522 05:26:28.595"/>
</kw>
<status status="PASS" starttime="20230522 05:26:17.243" endtime="20230522 05:26:28.595"/>
</kw>
<kw name="Sleep" library="BuiltIn">
<arg>3</arg>
<doc>Pauses the test executed for the given time.</doc>
<msg timestamp="20230522 05:26:31.595" level="INFO">Slept 3 seconds</msg>
<status status="PASS" starttime="20230522 05:26:28.595" endtime="20230522 05:26:31.595"/>
</kw>
<kw name="create login credentials" library="Resources">
<kw name="Click Element" library="SeleniumLibrary">
<arg>${radiobutton}</arg>
<doc>Click the element identified by ``locator``.</doc>
<msg timestamp="20230522 05:26:31.595" level="INFO">Clicking element '//body/div[@id='app']/div[1]/div[2]/div[2]/div[1]/div[1]/form[1]/div[1]/div[2]/div[2]/div[1]/label[1]/span[1]'.</msg>
<status status="PASS" starttime="20230522 05:26:31.595" endtime="20230522 05:26:31.647"/>
</kw>
<kw name="Sleep" library="BuiltIn">
<arg>2</arg>
<doc>Pauses the test executed for the given time.</doc>
<msg timestamp="20230522 05:26:33.647" level="INFO">Slept 2 seconds</msg>
<status status="PASS" starttime="20230522 05:26:31.647" endtime="20230522 05:26:33.647"/>
</kw>
<kw name="Input Text" library="SeleniumLibrary">
<arg>${name}</arg>
<arg>jhansilatha</arg>
<doc>Types the given ``text`` into the text field identified by ``locator``.</doc>
<msg timestamp="20230522 05:26:33.649" level="INFO">Typing text 'jhansilatha' into text field '//body/div[@id='app']/div[1]/div[2]/div[2]/div[1]/div[1]/form[1]/div[1]/div[2]/div[3]/div[1]/div[1]/div[1]/div[2]/input[1]'.</msg>
<status status="PASS" starttime="20230522 05:26:33.647" endtime="20230522 05:26:33.754"/>
</kw>
<kw name="Sleep" library="BuiltIn">
<arg>3</arg>
<doc>Pauses the test executed for the given time.</doc>
<msg timestamp="20230522 05:26:36.754" level="INFO">Slept 3 seconds</msg>
<status status="PASS" starttime="20230522 05:26:33.754" endtime="20230522 05:26:36.754"/>
</kw>
<kw name="Input Text" library="SeleniumLibrary">
<arg>${password1}</arg>
<arg>Jhansi@123</arg>
<doc>Types the given ``text`` into the text field identified by ``locator``.</doc>
<msg timestamp="20230522 05:26:36.754" level="INFO">Typing text 'Jhansi@123' into text field '//body/div[@id='app']/div[1]/div[2]/div[2]/div[1]/div[1]/form[1]/div[1]/div[2]/div[4]/div[1]/div[1]/div[1]/div[2]/input[1] '.</msg>
<status status="PASS" starttime="20230522 05:26:36.754" endtime="20230522 05:26:36.847"/>
</kw>
<kw name="Sleep" library="BuiltIn">
<arg>3</arg>
<doc>Pauses the test executed for the given time.</doc>
<msg timestamp="20230522 05:26:39.848" level="INFO">Slept 3 seconds</msg>
<status status="PASS" starttime="20230522 05:26:36.847" endtime="20230522 05:26:39.848"/>
</kw>
<kw name="Input Text" library="SeleniumLibrary">
<arg>${conpassword2}</arg>
<arg>Jhansi@123</arg>
<doc>Types the given ``text`` into the text field identified by ``locator``.</doc>
<msg timestamp="20230522 05:26:39.848" level="INFO">Typing text 'Jhansi@123' into text field '//body/div[@id='app']/div[1]/div[2]/div[2]/div[1]/div[1]/form[1]/div[1]/div[2]/div[4]/div[1]/div[2]/div[1]/div[2]/input[1] '.</msg>
<status status="PASS" starttime="20230522 05:26:39.848" endtime="20230522 05:26:39.944"/>
</kw>
<kw name="Sleep" library="BuiltIn">
<arg>3</arg>
<doc>Pauses the test executed for the given time.</doc>
<msg timestamp="20230522 05:26:42.944" level="INFO">Slept 3 seconds</msg>
<status status="PASS" starttime="20230522 05:26:39.944" endtime="20230522 05:26:42.944"/>
</kw>
<kw name="Click Button" library="SeleniumLibrary">
<arg>${save_button2}</arg>
<doc>Clicks the button identified by ``locator``.</doc>
<msg timestamp="20230522 05:26:42.944" level="INFO">Clicking button '//body/div[@id='app']/div[1]/div[2]/div[2]/div[1]/div[1]/form[1]/div[2]/button[2]'.</msg>
<status status="PASS" starttime="20230522 05:26:42.944" endtime="20230522 05:26:43.000"/>
</kw>
<kw name="Sleep" library="BuiltIn">
<arg>3</arg>
<doc>Pauses the test executed for the given time.</doc>
<msg timestamp="20230522 05:26:46.001" level="INFO">Slept 3 seconds</msg>
<status status="PASS" starttime="20230522 05:26:43.000" endtime="20230522 05:26:46.001"/>
</kw>
<status status="PASS" starttime="20230522 05:26:31.595" endtime="20230522 05:26:46.001"/>
</kw>
<kw name="Sleep" library="BuiltIn">
<arg>3</arg>
<doc>Pauses the test executed for the given time.</doc>
<msg timestamp="20230522 05:26:49.001" level="INFO">Slept 3 seconds</msg>
<status status="PASS" starttime="20230522 05:26:46.001" endtime="20230522 05:26:49.002"/>
</kw>
<kw name="Close Browser" library="SeleniumLibrary" type="TEARDOWN">
<doc>Closes the current browser.</doc>
<status status="PASS" starttime="20230522 05:26:49.002" endtime="20230522 05:26:51.200"/>
</kw>
<status status="PASS" starttime="20230522 05:25:39.952" endtime="20230522 05:26:51.200"/>
</test>
<status status="PASS" starttime="20230522 05:24:12.940" endtime="20230522 05:26:51.203"/>
</suite>
<statistics>
<total>
<stat pass="3" fail="0" skip="0">All Tests</stat>
</total>
<tag>
</tag>
<suite>
<stat pass="3" fail="0" skip="0" id="s1" name="Testcases Hrm">Testcases Hrm</stat>
</suite>
</statistics>
<errors>
</errors>
</robot>
