<?xml version="1.0" encoding="UTF-8"?>
<robot generator="Robot 6.0.2 (Python 3.11.3 on win32)" generated="20230627 10:44:21.847" rpa="false" schemaversion="3">
<suite id="s1" name="Testcases Hrm" source="c:\Users\dharm\.robotframework-ls\testcases_hrm.robot">
<test id="s1-t1" name="login_test" line="15">
<kw name="start browser and maximize" library="Resources" type="SETUP">
<kw name="Open Browser" library="SeleniumLibrary">
<arg>${url}</arg>
<arg>${browser}</arg>
<doc>Opens a new browser instance to the optional ``url``.</doc>
<msg timestamp="20230627 10:44:22.016" level="INFO">Opening browser 'edge' to base url 'https://opensource-demo.orangehrmlive.com/'.</msg>
<status status="PASS" starttime="20230627 10:44:22.016" endtime="20230627 10:44:27.527"/>
</kw>
<kw name="Maximize Browser Window" library="SeleniumLibrary">
<doc>Maximizes current browser window.</doc>
<status status="PASS" starttime="20230627 10:44:27.528" endtime="20230627 10:44:27.644"/>
</kw>
<kw name="Sleep" library="BuiltIn">
<arg>3</arg>
<doc>Pauses the test executed for the given time.</doc>
<msg timestamp="20230627 10:44:30.645" level="INFO">Slept 3 seconds</msg>
<status status="PASS" starttime="20230627 10:44:27.644" endtime="20230627 10:44:30.645"/>
</kw>
<status status="PASS" starttime="20230627 10:44:22.015" endtime="20230627 10:44:30.645"/>
</kw>
<kw name="Enter username password click" library="Resources">
<kw name="Input Text" library="SeleniumLibrary">
<arg>${Username_login}</arg>
<arg>Admin</arg>
<doc>Types the given ``text`` into the text field identified by ``locator``.</doc>
<msg timestamp="20230627 10:44:30.645" level="INFO">Typing text 'Admin' into text field '//input[@placeholder='Username']'.</msg>
<status status="PASS" starttime="20230627 10:44:30.645" endtime="20230627 10:44:30.774"/>
</kw>
<kw name="Sleep" library="BuiltIn">
<arg>3</arg>
<doc>Pauses the test executed for the given time.</doc>
<msg timestamp="20230627 10:44:33.777" level="INFO">Slept 3 seconds</msg>
<status status="PASS" starttime="20230627 10:44:30.776" endtime="20230627 10:44:33.777"/>
</kw>
<kw name="Input Text" library="SeleniumLibrary">
<arg>${Password_login}</arg>
<arg>admin123</arg>
<doc>Types the given ``text`` into the text field identified by ``locator``.</doc>
<msg timestamp="20230627 10:44:33.777" level="INFO">Typing text 'admin123' into text field '//input[@placeholder='Password']'.</msg>
<status status="PASS" starttime="20230627 10:44:33.777" endtime="20230627 10:44:33.875"/>
</kw>
<kw name="Sleep" library="BuiltIn">
<arg>3</arg>
<doc>Pauses the test executed for the given time.</doc>
<msg timestamp="20230627 10:44:36.877" level="INFO">Slept 3 seconds</msg>
<status status="PASS" starttime="20230627 10:44:33.876" endtime="20230627 10:44:36.877"/>
</kw>
<kw name="Click Button" library="SeleniumLibrary">
<arg>${loginbutton}</arg>
<doc>Clicks the button identified by ``locator``.</doc>
<msg timestamp="20230627 10:44:36.877" level="INFO">Clicking button '//button[@type='submit']'.</msg>
<status status="PASS" starttime="20230627 10:44:36.877" endtime="20230627 10:44:36.944"/>
</kw>
<kw name="Sleep" library="BuiltIn">
<arg>2</arg>
<doc>Pauses the test executed for the given time.</doc>
<msg timestamp="20230627 10:44:38.944" level="INFO">Slept 2 seconds</msg>
<status status="PASS" starttime="20230627 10:44:36.944" endtime="20230627 10:44:38.944"/>
</kw>
<kw name="Title Should Be" library="SeleniumLibrary">
<arg>OrangeHRM</arg>
<doc>Verifies that the current page title equals ``title``.</doc>
<msg timestamp="20230627 10:44:38.970" level="INFO">Page title is 'OrangeHRM'.</msg>
<status status="PASS" starttime="20230627 10:44:38.950" endtime="20230627 10:44:38.970"/>
</kw>
<status status="PASS" starttime="20230627 10:44:30.645" endtime="20230627 10:44:38.971"/>
</kw>
<kw name="Close Browser" library="SeleniumLibrary" type="TEARDOWN">
<doc>Closes the current browser.</doc>
<status status="PASS" starttime="20230627 10:44:38.972" endtime="20230627 10:44:41.174"/>
</kw>
<status status="PASS" starttime="20230627 10:44:22.014" endtime="20230627 10:44:41.174"/>
</test>
<test id="s1-t2" name="test_case1" line="17">
<kw name="start browser and maximize" library="Resources" type="SETUP">
<kw name="Open Browser" library="SeleniumLibrary">
<arg>${url}</arg>
<arg>${browser}</arg>
<doc>Opens a new browser instance to the optional ``url``.</doc>
<msg timestamp="20230627 10:44:41.183" level="INFO">Opening browser 'edge' to base url 'https://opensource-demo.orangehrmlive.com/'.</msg>
<status status="PASS" starttime="20230627 10:44:41.179" endtime="20230627 10:44:45.677"/>
</kw>
<kw name="Maximize Browser Window" library="SeleniumLibrary">
<doc>Maximizes current browser window.</doc>
<status status="PASS" starttime="20230627 10:44:45.678" endtime="20230627 10:44:45.797"/>
</kw>
<kw name="Sleep" library="BuiltIn">
<arg>3</arg>
<doc>Pauses the test executed for the given time.</doc>
<msg timestamp="20230627 10:44:48.798" level="INFO">Slept 3 seconds</msg>
<status status="PASS" starttime="20230627 10:44:45.798" endtime="20230627 10:44:48.798"/>
</kw>
<status status="PASS" starttime="20230627 10:44:41.179" endtime="20230627 10:44:48.798"/>
</kw>
<kw name="Enter username password click" library="Resources">
<kw name="Input Text" library="SeleniumLibrary">
<arg>${Username_login}</arg>
<arg>Admin</arg>
<doc>Types the given ``text`` into the text field identified by ``locator``.</doc>
<msg timestamp="20230627 10:44:48.800" level="INFO">Typing text 'Admin' into text field '//input[@placeholder='Username']'.</msg>
<status status="PASS" starttime="20230627 10:44:48.799" endtime="20230627 10:44:48.935"/>
</kw>
<kw name="Sleep" library="BuiltIn">
<arg>3</arg>
<doc>Pauses the test executed for the given time.</doc>
<msg timestamp="20230627 10:44:51.936" level="INFO">Slept 3 seconds</msg>
<status status="PASS" starttime="20230627 10:44:48.935" endtime="20230627 10:44:51.937"/>
</kw>
<kw name="Input Text" library="SeleniumLibrary">
<arg>${Password_login}</arg>
<arg>admin123</arg>
<doc>Types the given ``text`` into the text field identified by ``locator``.</doc>
<msg timestamp="20230627 10:44:51.939" level="INFO">Typing text 'admin123' into text field '//input[@placeholder='Password']'.</msg>
<status status="PASS" starttime="20230627 10:44:51.938" endtime="20230627 10:44:52.062"/>
</kw>
<kw name="Sleep" library="BuiltIn">
<arg>3</arg>
<doc>Pauses the test executed for the given time.</doc>
<msg timestamp="20230627 10:44:55.064" level="INFO">Slept 3 seconds</msg>
<status status="PASS" starttime="20230627 10:44:52.063" endtime="20230627 10:44:55.064"/>
</kw>
<kw name="Click Button" library="SeleniumLibrary">
<arg>${loginbutton}</arg>
<doc>Clicks the button identified by ``locator``.</doc>
<msg timestamp="20230627 10:44:55.067" level="INFO">Clicking button '//button[@type='submit']'.</msg>
<status status="PASS" starttime="20230627 10:44:55.066" endtime="20230627 10:44:55.170"/>
</kw>
<kw name="Sleep" library="BuiltIn">
<arg>2</arg>
<doc>Pauses the test executed for the given time.</doc>
<msg timestamp="20230627 10:44:57.171" level="INFO">Slept 2 seconds</msg>
<status status="PASS" starttime="20230627 10:44:55.170" endtime="20230627 10:44:57.171"/>
</kw>
<kw name="Title Should Be" library="SeleniumLibrary">
<arg>OrangeHRM</arg>
<doc>Verifies that the current page title equals ``title``.</doc>
<msg timestamp="20230627 10:44:57.189" level="INFO">Page title is 'OrangeHRM'.</msg>
<status status="PASS" starttime="20230627 10:44:57.171" endtime="20230627 10:44:57.190"/>
</kw>
<status status="PASS" starttime="20230627 10:44:48.799" endtime="20230627 10:44:57.190"/>
</kw>
<kw name="In admin adduser and loggedout" library="Resources">
<kw name="Click Element" library="SeleniumLibrary">
<arg>${addelement}</arg>
<doc>Click the element identified by ``locator``.</doc>
<msg timestamp="20230627 10:44:57.194" level="INFO">Clicking element '//body/div[@id='app']/div[1]/div[1]/aside[1]/nav[1]/div[2]/ul[1]/li[1]/a[1]/span[1]'.</msg>
<status status="PASS" starttime="20230627 10:44:57.192" endtime="20230627 10:44:58.506"/>
</kw>
<kw name="Sleep" library="BuiltIn">
<arg>2</arg>
<doc>Pauses the test executed for the given time.</doc>
<msg timestamp="20230627 10:45:00.506" level="INFO">Slept 2 seconds</msg>
<status status="PASS" starttime="20230627 10:44:58.506" endtime="20230627 10:45:00.506"/>
</kw>
<kw name="Click Element" library="SeleniumLibrary">
<arg>${button1}</arg>
<doc>Click the element identified by ``locator``.</doc>
<msg timestamp="20230627 10:45:00.506" level="INFO">Clicking element '//button[normalize-space()='Add']'.</msg>
<status status="PASS" starttime="20230627 10:45:00.506" endtime="20230627 10:45:01.006"/>
</kw>
<kw name="Wait Until Element Is Visible" library="SeleniumLibrary">
<arg>${selectelement}</arg>
<arg>timeout=10</arg>
<doc>Waits until the element ``locator`` is visible.</doc>
<status status="PASS" starttime="20230627 10:45:01.006" endtime="20230627 10:45:01.462"/>
</kw>
<kw name="Wait Until Element Is Enabled" library="SeleniumLibrary">
<arg>${selectelement}</arg>
<arg>timeout=10</arg>
<doc>Waits until the element ``locator`` is enabled.</doc>
<status status="PASS" starttime="20230627 10:45:01.462" endtime="20230627 10:45:01.503"/>
</kw>
<kw name="Click Element" library="SeleniumLibrary">
<arg>${selectelement}</arg>
<doc>Click the element identified by ``locator``.</doc>
<msg timestamp="20230627 10:45:01.503" level="INFO">Clicking element '//div[contains (text(),'-- Select --')] '.</msg>
<status status="PASS" starttime="20230627 10:45:01.503" endtime="20230627 10:45:01.540"/>
</kw>
<kw name="Click Element" library="SeleniumLibrary">
<arg>${selectadmin}</arg>
<doc>Click the element identified by ``locator``.</doc>
<msg timestamp="20230627 10:45:01.542" level="INFO">Clicking element '//span[contains(text(),'Admin')]'.</msg>
<status status="PASS" starttime="20230627 10:45:01.541" endtime="20230627 10:45:01.580"/>
</kw>
<kw name="Sleep" library="BuiltIn">
<arg>3</arg>
<doc>Pauses the test executed for the given time.</doc>
<msg timestamp="20230627 10:45:04.581" level="INFO">Slept 3 seconds</msg>
<status status="PASS" starttime="20230627 10:45:01.581" endtime="20230627 10:45:04.581"/>
</kw>
<kw name="Click Element" library="SeleniumLibrary">
<arg>${selectelement2}</arg>
<doc>Click the element identified by ``locator``.</doc>
<msg timestamp="20230627 10:45:04.581" level="INFO">Clicking element '//body/div[@id='app']/div[1]/div[2]/div[2]/div[1]/div[1]/form[1]/div[1]/div[1]/div[3]/div[1]/div[2]/div[1]/div[1]'.</msg>
<status status="PASS" starttime="20230627 10:45:04.581" endtime="20230627 10:45:04.655"/>
</kw>
<kw name="Sleep" library="BuiltIn">
<arg>3</arg>
<doc>Pauses the test executed for the given time.</doc>
<msg timestamp="20230627 10:45:07.656" level="INFO">Slept 3 seconds</msg>
<status status="PASS" starttime="20230627 10:45:04.656" endtime="20230627 10:45:07.656"/>
</kw>
<kw name="Click Element" library="SeleniumLibrary">
<arg>${selectenable}</arg>
<doc>Click the element identified by ``locator``.</doc>
<msg timestamp="20230627 10:45:07.656" level="INFO">Clicking element '//span[contains(text(),'Enabled')]'.</msg>
<status status="PASS" starttime="20230627 10:45:07.656" endtime="20230627 10:45:07.741"/>
</kw>
<kw name="Sleep" library="BuiltIn">
<arg>3</arg>
<doc>Pauses the test executed for the given time.</doc>
<msg timestamp="20230627 10:45:10.743" level="INFO">Slept 3 seconds</msg>
<status status="PASS" starttime="20230627 10:45:07.743" endtime="20230627 10:45:10.743"/>
</kw>
<kw name="Input Text" library="SeleniumLibrary">
<arg>${name1}</arg>
<arg>'Jhansi'</arg>
<doc>Types the given ``text`` into the text field identified by ``locator``.</doc>
<msg timestamp="20230627 10:45:10.745" level="INFO">Typing text ''Jhansi'' into text field '//input[@placeholder='Type for hints...']'.</msg>
<status status="PASS" starttime="20230627 10:45:10.743" endtime="20230627 10:45:10.872"/>
</kw>
<kw name="Sleep" library="BuiltIn">
<arg>3</arg>
<doc>Pauses the test executed for the given time.</doc>
<msg timestamp="20230627 10:45:13.873" level="INFO">Slept 3 seconds</msg>
<status status="PASS" starttime="20230627 10:45:10.872" endtime="20230627 10:45:13.873"/>
</kw>
<kw name="Input Text" library="SeleniumLibrary">
<arg>${adminname}</arg>
<arg>"adminlatha"</arg>
<doc>Types the given ``text`` into the text field identified by ``locator``.</doc>
<msg timestamp="20230627 10:45:13.873" level="INFO">Typing text '"adminlatha"' into text field '//body/div[@id='app']/div[1]/div[2]/div[2]/div[1]/div[1]/form[1]/div[1]/div[1]/div[4]/div[1]/div[2]/input[1]'.</msg>
<status status="PASS" starttime="20230627 10:45:13.873" endtime="20230627 10:45:14.017"/>
</kw>
<kw name="Sleep" library="BuiltIn">
<arg>4</arg>
<doc>Pauses the test executed for the given time.</doc>
<msg timestamp="20230627 10:45:18.018" level="INFO">Slept 4 seconds</msg>
<status status="PASS" starttime="20230627 10:45:14.017" endtime="20230627 10:45:18.018"/>
</kw>
<kw name="Input Text" library="SeleniumLibrary">
<arg>${admin_password}</arg>
<arg>jhansi@123</arg>
<doc>Types the given ``text`` into the text field identified by ``locator``.</doc>
<msg timestamp="20230627 10:45:18.018" level="INFO">Typing text 'jhansi@123' into text field '//div[@class='oxd-grid-item oxd-grid-item--gutters user-password-cell']//div[@class='oxd-input-group oxd-input-field-bottom-space']//div//input[@type='password']'.</msg>
<status status="PASS" starttime="20230627 10:45:18.018" endtime="20230627 10:45:18.138"/>
</kw>
<kw name="Sleep" library="BuiltIn">
<arg>3</arg>
<doc>Pauses the test executed for the given time.</doc>
<msg timestamp="20230627 10:45:21.139" level="INFO">Slept 3 seconds</msg>
<status status="PASS" starttime="20230627 10:45:18.138" endtime="20230627 10:45:21.139"/>
</kw>
<kw name="Input Text" library="SeleniumLibrary">
<arg>${confrm_password}</arg>
<arg>jhansi@123</arg>
<doc>Types the given ``text`` into the text field identified by ``locator``.</doc>
<msg timestamp="20230627 10:45:21.139" level="INFO">Typing text 'jhansi@123' into text field '//div[@class='oxd-grid-item oxd-grid-item--gutters']//div[@class='oxd-input-group oxd-input-field-bottom-space']//div//input[@type='password'] '.</msg>
<status status="PASS" starttime="20230627 10:45:21.139" endtime="20230627 10:45:21.270"/>
</kw>
<kw name="Sleep" library="BuiltIn">
<arg>3</arg>
<doc>Pauses the test executed for the given time.</doc>
<msg timestamp="20230627 10:45:24.270" level="INFO">Slept 3 seconds</msg>
<status status="PASS" starttime="20230627 10:45:21.270" endtime="20230627 10:45:24.270"/>
</kw>
<kw name="Click Button" library="SeleniumLibrary">
<arg>${save_button}</arg>
<doc>Clicks the button identified by ``locator``.</doc>
<msg timestamp="20230627 10:45:24.270" level="INFO">Clicking button '//body/div[@id='app']/div[1]/div[2]/div[2]/div[1]/div[1]/form[1]/div[3]/button[2]'.</msg>
<status status="PASS" starttime="20230627 10:45:24.270" endtime="20230627 10:45:24.371"/>
</kw>
<kw name="Sleep" library="BuiltIn">
<arg>4</arg>
<doc>Pauses the test executed for the given time.</doc>
<msg timestamp="20230627 10:45:28.373" level="INFO">Slept 4 seconds</msg>
<status status="PASS" starttime="20230627 10:45:24.371" endtime="20230627 10:45:28.373"/>
</kw>
<kw name="Click Element" library="SeleniumLibrary">
<arg>${element}</arg>
<doc>Click the element identified by ``locator``.</doc>
<msg timestamp="20230627 10:45:28.374" level="INFO">Clicking element '//body[1]/div[1]/div[1]/div[1]/header[1]/div[1]/div[2]/ul[1]/li[1]/span[1]/i[1]'.</msg>
<status status="PASS" starttime="20230627 10:45:28.374" endtime="20230627 10:45:28.454"/>
</kw>
<kw name="Sleep" library="BuiltIn">
<arg>5</arg>
<doc>Pauses the test executed for the given time.</doc>
<msg timestamp="20230627 10:45:33.458" level="INFO">Slept 5 seconds</msg>
<status status="PASS" starttime="20230627 10:45:28.454" endtime="20230627 10:45:33.458"/>
</kw>
<kw name="Click Element" library="SeleniumLibrary">
<arg>${logout}</arg>
<doc>Click the element identified by ``locator``.</doc>
<msg timestamp="20230627 10:45:33.458" level="INFO">Clicking element '//a[contains(text(),'Logout')]'.</msg>
<status status="PASS" starttime="20230627 10:45:33.458" endtime="20230627 10:45:34.239"/>
</kw>
<kw name="Sleep" library="BuiltIn">
<arg>3</arg>
<doc>Pauses the test executed for the given time.</doc>
<msg timestamp="20230627 10:45:37.240" level="INFO">Slept 3 seconds</msg>
<status status="PASS" starttime="20230627 10:45:34.239" endtime="20230627 10:45:37.240"/>
</kw>
<status status="PASS" starttime="20230627 10:44:57.190" endtime="20230627 10:45:37.241"/>
</kw>
<kw name="Close Browser" library="SeleniumLibrary" type="TEARDOWN">
<doc>Closes the current browser.</doc>
<status status="PASS" starttime="20230627 10:45:37.245" endtime="20230627 10:45:39.425"/>
</kw>
<status status="PASS" starttime="20230627 10:44:41.179" endtime="20230627 10:45:39.426"/>
</test>
<test id="s1-t3" name="test_case2" line="20">
<kw name="start browser and maximize" library="Resources" type="SETUP">
<kw name="Open Browser" library="SeleniumLibrary">
<arg>${url}</arg>
<arg>${browser}</arg>
<doc>Opens a new browser instance to the optional ``url``.</doc>
<msg timestamp="20230627 10:45:39.427" level="INFO">Opening browser 'edge' to base url 'https://opensource-demo.orangehrmlive.com/'.</msg>
<status status="PASS" starttime="20230627 10:45:39.427" endtime="20230627 10:45:44.031"/>
</kw>
<kw name="Maximize Browser Window" library="SeleniumLibrary">
<doc>Maximizes current browser window.</doc>
<status status="PASS" starttime="20230627 10:45:44.031" endtime="20230627 10:45:44.157"/>
</kw>
<kw name="Sleep" library="BuiltIn">
<arg>3</arg>
<doc>Pauses the test executed for the given time.</doc>
<msg timestamp="20230627 10:45:47.159" level="INFO">Slept 3 seconds</msg>
<status status="PASS" starttime="20230627 10:45:44.158" endtime="20230627 10:45:47.159"/>
</kw>
<status status="PASS" starttime="20230627 10:45:39.427" endtime="20230627 10:45:47.159"/>
</kw>
<kw name="Enter username password click" library="Resources">
<kw name="Input Text" library="SeleniumLibrary">
<arg>${Username_login}</arg>
<arg>Admin</arg>
<doc>Types the given ``text`` into the text field identified by ``locator``.</doc>
<msg timestamp="20230627 10:45:47.161" level="INFO">Typing text 'Admin' into text field '//input[@placeholder='Username']'.</msg>
<status status="PASS" starttime="20230627 10:45:47.160" endtime="20230627 10:45:47.258"/>
</kw>
<kw name="Sleep" library="BuiltIn">
<arg>3</arg>
<doc>Pauses the test executed for the given time.</doc>
<msg timestamp="20230627 10:45:50.258" level="INFO">Slept 3 seconds</msg>
<status status="PASS" starttime="20230627 10:45:47.258" endtime="20230627 10:45:50.258"/>
</kw>
<kw name="Input Text" library="SeleniumLibrary">
<arg>${Password_login}</arg>
<arg>admin123</arg>
<doc>Types the given ``text`` into the text field identified by ``locator``.</doc>
<msg timestamp="20230627 10:45:50.260" level="INFO">Typing text 'admin123' into text field '//input[@placeholder='Password']'.</msg>
<status status="PASS" starttime="20230627 10:45:50.259" endtime="20230627 10:45:50.403"/>
</kw>
<kw name="Sleep" library="BuiltIn">
<arg>3</arg>
<doc>Pauses the test executed for the given time.</doc>
<msg timestamp="20230627 10:45:53.404" level="INFO">Slept 3 seconds</msg>
<status status="PASS" starttime="20230627 10:45:50.404" endtime="20230627 10:45:53.404"/>
</kw>
<kw name="Click Button" library="SeleniumLibrary">
<arg>${loginbutton}</arg>
<doc>Clicks the button identified by ``locator``.</doc>
<msg timestamp="20230627 10:45:53.404" level="INFO">Clicking button '//button[@type='submit']'.</msg>
<status status="PASS" starttime="20230627 10:45:53.404" endtime="20230627 10:45:53.514"/>
</kw>
<kw name="Sleep" library="BuiltIn">
<arg>2</arg>
<doc>Pauses the test executed for the given time.</doc>
<msg timestamp="20230627 10:45:55.517" level="INFO">Slept 2 seconds</msg>
<status status="PASS" starttime="20230627 10:45:53.516" endtime="20230627 10:45:55.517"/>
</kw>
<kw name="Title Should Be" library="SeleniumLibrary">
<arg>OrangeHRM</arg>
<doc>Verifies that the current page title equals ``title``.</doc>
<msg timestamp="20230627 10:45:55.529" level="INFO">Page title is 'OrangeHRM'.</msg>
<status status="PASS" starttime="20230627 10:45:55.517" endtime="20230627 10:45:55.529"/>
</kw>
<status status="PASS" starttime="20230627 10:45:47.160" endtime="20230627 10:45:55.529"/>
</kw>
<kw name="Sleep" library="BuiltIn">
<arg>4</arg>
<doc>Pauses the test executed for the given time.</doc>
<msg timestamp="20230627 10:45:59.530" level="INFO">Slept 4 seconds</msg>
<status status="PASS" starttime="20230627 10:45:55.530" endtime="20230627 10:45:59.530"/>
</kw>
<kw name="Enter into the pim module" library="Resources">
<kw name="Click Element" library="SeleniumLibrary">
<arg>${pim}</arg>
<doc>Click the element identified by ``locator``.</doc>
<msg timestamp="20230627 10:45:59.532" level="INFO">Clicking element '//body/div[@id='app']/div[1]/div[1]/aside[1]/nav[1]/div[2]/ul[1]/li[2]/a[1]/span[1]'.</msg>
<status status="PASS" starttime="20230627 10:45:59.532" endtime="20230627 10:46:00.414"/>
</kw>
<kw name="Sleep" library="BuiltIn">
<arg>3</arg>
<doc>Pauses the test executed for the given time.</doc>
<msg timestamp="20230627 10:46:03.415" level="INFO">Slept 3 seconds</msg>
<status status="PASS" starttime="20230627 10:46:00.414" endtime="20230627 10:46:03.415"/>
</kw>
<kw name="Click Button" library="SeleniumLibrary">
<arg>${addemployee}</arg>
<doc>Clicks the button identified by ``locator``.</doc>
<msg timestamp="20230627 10:46:03.415" level="INFO">Clicking button '//body/div[@id='app']/div[1]/div[2]/div[2]/div[1]/div[2]/div[1]/button[1]'.</msg>
<status status="PASS" starttime="20230627 10:46:03.415" endtime="20230627 10:46:03.956"/>
</kw>
<kw name="Sleep" library="BuiltIn">
<arg>3</arg>
<doc>Pauses the test executed for the given time.</doc>
<msg timestamp="20230627 10:46:06.957" level="INFO">Slept 3 seconds</msg>
<status status="PASS" starttime="20230627 10:46:03.956" endtime="20230627 10:46:06.957"/>
</kw>
<status status="PASS" starttime="20230627 10:45:59.532" endtime="20230627 10:46:06.957"/>
</kw>
<kw name="Sleep" library="BuiltIn">
<arg>3</arg>
<doc>Pauses the test executed for the given time.</doc>
<msg timestamp="20230627 10:46:09.957" level="INFO">Slept 3 seconds</msg>
<status status="PASS" starttime="20230627 10:46:06.957" endtime="20230627 10:46:09.957"/>
</kw>
<kw name="Adding the employee details" library="Resources">
<kw name="Input Text" library="SeleniumLibrary">
<arg>${employee_firstname}</arg>
<arg>jhansi</arg>
<doc>Types the given ``text`` into the text field identified by ``locator``.</doc>
<msg timestamp="20230627 10:46:09.960" level="INFO">Typing text 'jhansi' into text field '//body/div[@id='app']/div[1]/div[2]/div[2]/div[1]/div[1]/form[1]/div[1]/div[2]/div[1]/div[1]/div[1]/div[1]/div[2]/div[1]/div[2]/input[1] '.</msg>
<status status="PASS" starttime="20230627 10:46:09.960" endtime="20230627 10:46:10.088"/>
</kw>
<kw name="Sleep" library="BuiltIn">
<arg>3</arg>
<doc>Pauses the test executed for the given time.</doc>
<msg timestamp="20230627 10:46:13.088" level="INFO">Slept 3 seconds</msg>
<status status="PASS" starttime="20230627 10:46:10.088" endtime="20230627 10:46:13.088"/>
</kw>
<kw name="Input Text" library="SeleniumLibrary">
<arg>${employee_middlename}</arg>
<arg>eswar</arg>
<doc>Types the given ``text`` into the text field identified by ``locator``.</doc>
<msg timestamp="20230627 10:46:13.088" level="INFO">Typing text 'eswar' into text field '//body/div[@id='app']/div[1]/div[2]/div[2]/div[1]/div[1]/form[1]/div[1]/div[2]/div[1]/div[1]/div[1]/div[1]/div[2]/div[2]/div[2]/input[1]'.</msg>
<status status="PASS" starttime="20230627 10:46:13.088" endtime="20230627 10:46:13.220"/>
</kw>
<kw name="Sleep" library="BuiltIn">
<arg>3</arg>
<doc>Pauses the test executed for the given time.</doc>
<msg timestamp="20230627 10:46:16.220" level="INFO">Slept 3 seconds</msg>
<status status="PASS" starttime="20230627 10:46:13.220" endtime="20230627 10:46:16.220"/>
</kw>
<kw name="Input Text" library="SeleniumLibrary">
<arg>${employee_lastname}</arg>
<arg>latha</arg>
<doc>Types the given ``text`` into the text field identified by ``locator``.</doc>
<msg timestamp="20230627 10:46:16.220" level="INFO">Typing text 'latha' into text field '//input[@placeholder='Last Name']'.</msg>
<status status="PASS" starttime="20230627 10:46:16.220" endtime="20230627 10:46:16.366"/>
</kw>
<kw name="Sleep" library="BuiltIn">
<arg>2</arg>
<doc>Pauses the test executed for the given time.</doc>
<msg timestamp="20230627 10:46:18.367" level="INFO">Slept 2 seconds</msg>
<status status="PASS" starttime="20230627 10:46:16.366" endtime="20230627 10:46:18.367"/>
</kw>
<kw name="Input Text" library="SeleniumLibrary">
<arg>${employee_id}</arg>
<arg>0777</arg>
<doc>Types the given ``text`` into the text field identified by ``locator``.</doc>
<msg timestamp="20230627 10:46:18.367" level="INFO">Typing text '0777' into text field '//body/div[@id='app']/div[1]/div[2]/div[2]/div[1]/div[1]/form[1]/div[1]/div[2]/div[1]/div[2]/div[1]/div[1]/div[2]/input[1]'.</msg>
<status status="PASS" starttime="20230627 10:46:18.367" endtime="20230627 10:46:18.496"/>
</kw>
<kw name="Sleep" library="BuiltIn">
<arg>3</arg>
<doc>Pauses the test executed for the given time.</doc>
<msg timestamp="20230627 10:46:21.501" level="INFO">Slept 3 seconds</msg>
<status status="PASS" starttime="20230627 10:46:18.500" endtime="20230627 10:46:21.502"/>
</kw>
<status status="PASS" starttime="20230627 10:46:09.957" endtime="20230627 10:46:21.503"/>
</kw>
<kw name="Sleep" library="BuiltIn">
<arg>3</arg>
<doc>Pauses the test executed for the given time.</doc>
<msg timestamp="20230627 10:46:24.504" level="INFO">Slept 3 seconds</msg>
<status status="PASS" starttime="20230627 10:46:21.504" endtime="20230627 10:46:24.504"/>
</kw>
<kw name="create login credentials" library="Resources">
<kw name="Click Element" library="SeleniumLibrary">
<arg>${radiobutton}</arg>
<doc>Click the element identified by ``locator``.</doc>
<msg timestamp="20230627 10:46:24.504" level="INFO">Clicking element '//body/div[@id='app']/div[1]/div[2]/div[2]/div[1]/div[1]/form[1]/div[1]/div[2]/div[2]/div[1]/label[1]/span[1]'.</msg>
<status status="PASS" starttime="20230627 10:46:24.504" endtime="20230627 10:46:24.664"/>
</kw>
<kw name="Sleep" library="BuiltIn">
<arg>2</arg>
<doc>Pauses the test executed for the given time.</doc>
<msg timestamp="20230627 10:46:26.666" level="INFO">Slept 2 seconds</msg>
<status status="PASS" starttime="20230627 10:46:24.664" endtime="20230627 10:46:26.666"/>
</kw>
<kw name="Input Text" library="SeleniumLibrary">
<arg>${name}</arg>
<arg>jhansilatha</arg>
<doc>Types the given ``text`` into the text field identified by ``locator``.</doc>
<msg timestamp="20230627 10:46:26.666" level="INFO">Typing text 'jhansilatha' into text field '//body/div[@id='app']/div[1]/div[2]/div[2]/div[1]/div[1]/form[1]/div[1]/div[2]/div[3]/div[1]/div[1]/div[1]/div[2]/input[1]'.</msg>
<status status="PASS" starttime="20230627 10:46:26.666" endtime="20230627 10:46:26.822"/>
</kw>
<kw name="Sleep" library="BuiltIn">
<arg>3</arg>
<doc>Pauses the test executed for the given time.</doc>
<msg timestamp="20230627 10:46:29.823" level="INFO">Slept 3 seconds</msg>
<status status="PASS" starttime="20230627 10:46:26.822" endtime="20230627 10:46:29.823"/>
</kw>
<kw name="Input Text" library="SeleniumLibrary">
<arg>${password1}</arg>
<arg>Jhansi@123</arg>
<doc>Types the given ``text`` into the text field identified by ``locator``.</doc>
<msg timestamp="20230627 10:46:29.823" level="INFO">Typing text 'Jhansi@123' into text field '//body/div[@id='app']/div[1]/div[2]/div[2]/div[1]/div[1]/form[1]/div[1]/div[2]/div[4]/div[1]/div[1]/div[1]/div[2]/input[1] '.</msg>
<status status="PASS" starttime="20230627 10:46:29.823" endtime="20230627 10:46:29.954"/>
</kw>
<kw name="Sleep" library="BuiltIn">
<arg>3</arg>
<doc>Pauses the test executed for the given time.</doc>
<msg timestamp="20230627 10:46:32.954" level="INFO">Slept 3 seconds</msg>
<status status="PASS" starttime="20230627 10:46:29.954" endtime="20230627 10:46:32.954"/>
</kw>
<kw name="Input Text" library="SeleniumLibrary">
<arg>${conpassword2}</arg>
<arg>Jhansi@123</arg>
<doc>Types the given ``text`` into the text field identified by ``locator``.</doc>
<msg timestamp="20230627 10:46:32.954" level="INFO">Typing text 'Jhansi@123' into text field '//body/div[@id='app']/div[1]/div[2]/div[2]/div[1]/div[1]/form[1]/div[1]/div[2]/div[4]/div[1]/div[2]/div[1]/div[2]/input[1] '.</msg>
<status status="PASS" starttime="20230627 10:46:32.954" endtime="20230627 10:46:33.109"/>
</kw>
<kw name="Sleep" library="BuiltIn">
<arg>3</arg>
<doc>Pauses the test executed for the given time.</doc>
<msg timestamp="20230627 10:46:36.109" level="INFO">Slept 3 seconds</msg>
<status status="PASS" starttime="20230627 10:46:33.109" endtime="20230627 10:46:36.109"/>
</kw>
<kw name="Click Button" library="SeleniumLibrary">
<arg>${save_button2}</arg>
<doc>Clicks the button identified by ``locator``.</doc>
<msg timestamp="20230627 10:46:36.109" level="INFO">Clicking button '//body/div[@id='app']/div[1]/div[2]/div[2]/div[1]/div[1]/form[1]/div[2]/button[2]'.</msg>
<status status="PASS" starttime="20230627 10:46:36.109" endtime="20230627 10:46:36.220"/>
</kw>
<kw name="Sleep" library="BuiltIn">
<arg>3</arg>
<doc>Pauses the test executed for the given time.</doc>
<msg timestamp="20230627 10:46:39.223" level="INFO">Slept 3 seconds</msg>
<status status="PASS" starttime="20230627 10:46:36.221" endtime="20230627 10:46:39.223"/>
</kw>
<status status="PASS" starttime="20230627 10:46:24.504" endtime="20230627 10:46:39.223"/>
</kw>
<kw name="Sleep" library="BuiltIn">
<arg>3</arg>
<doc>Pauses the test executed for the given time.</doc>
<msg timestamp="20230627 10:46:42.224" level="INFO">Slept 3 seconds</msg>
<status status="PASS" starttime="20230627 10:46:39.223" endtime="20230627 10:46:42.224"/>
</kw>
<kw name="Close Browser" library="SeleniumLibrary" type="TEARDOWN">
<doc>Closes the current browser.</doc>
<status status="PASS" starttime="20230627 10:46:42.224" endtime="20230627 10:46:44.425"/>
</kw>
<status status="PASS" starttime="20230627 10:45:39.427" endtime="20230627 10:46:44.425"/>
</test>
<test id="s1-t4" name="test_case3" line="29">
<kw name="start browser and maximize" library="Resources" type="SETUP">
<kw name="Open Browser" library="SeleniumLibrary">
<arg>${url}</arg>
<arg>${browser}</arg>
<doc>Opens a new browser instance to the optional ``url``.</doc>
<msg timestamp="20230627 10:46:44.434" level="INFO">Opening browser 'edge' to base url 'https://opensource-demo.orangehrmlive.com/'.</msg>
<status status="PASS" starttime="20230627 10:46:44.434" endtime="20230627 10:46:50.255"/>
</kw>
<kw name="Maximize Browser Window" library="SeleniumLibrary">
<doc>Maximizes current browser window.</doc>
<status status="PASS" starttime="20230627 10:46:50.255" endtime="20230627 10:46:50.375"/>
</kw>
<kw name="Sleep" library="BuiltIn">
<arg>3</arg>
<doc>Pauses the test executed for the given time.</doc>
<msg timestamp="20230627 10:46:53.376" level="INFO">Slept 3 seconds</msg>
<status status="PASS" starttime="20230627 10:46:50.375" endtime="20230627 10:46:53.376"/>
</kw>
<status status="PASS" starttime="20230627 10:46:44.434" endtime="20230627 10:46:53.376"/>
</kw>
<kw name="Enter username password click" library="Resources">
<kw name="Input Text" library="SeleniumLibrary">
<arg>${Username_login}</arg>
<arg>Admin</arg>
<doc>Types the given ``text`` into the text field identified by ``locator``.</doc>
<msg timestamp="20230627 10:46:53.379" level="INFO">Typing text 'Admin' into text field '//input[@placeholder='Username']'.</msg>
<status status="PASS" starttime="20230627 10:46:53.378" endtime="20230627 10:46:53.523"/>
</kw>
<kw name="Sleep" library="BuiltIn">
<arg>3</arg>
<doc>Pauses the test executed for the given time.</doc>
<msg timestamp="20230627 10:46:56.525" level="INFO">Slept 3 seconds</msg>
<status status="PASS" starttime="20230627 10:46:53.523" endtime="20230627 10:46:56.525"/>
</kw>
<kw name="Input Text" library="SeleniumLibrary">
<arg>${Password_login}</arg>
<arg>admin123</arg>
<doc>Types the given ``text`` into the text field identified by ``locator``.</doc>
<msg timestamp="20230627 10:46:56.527" level="INFO">Typing text 'admin123' into text field '//input[@placeholder='Password']'.</msg>
<status status="PASS" starttime="20230627 10:46:56.526" endtime="20230627 10:46:56.657"/>
</kw>
<kw name="Sleep" library="BuiltIn">
<arg>3</arg>
<doc>Pauses the test executed for the given time.</doc>
<msg timestamp="20230627 10:46:59.658" level="INFO">Slept 3 seconds</msg>
<status status="PASS" starttime="20230627 10:46:56.657" endtime="20230627 10:46:59.658"/>
</kw>
<kw name="Click Button" library="SeleniumLibrary">
<arg>${loginbutton}</arg>
<doc>Clicks the button identified by ``locator``.</doc>
<msg timestamp="20230627 10:46:59.660" level="INFO">Clicking button '//button[@type='submit']'.</msg>
<status status="PASS" starttime="20230627 10:46:59.659" endtime="20230627 10:46:59.746"/>
</kw>
<kw name="Sleep" library="BuiltIn">
<arg>2</arg>
<doc>Pauses the test executed for the given time.</doc>
<msg timestamp="20230627 10:47:01.746" level="INFO">Slept 2 seconds</msg>
<status status="PASS" starttime="20230627 10:46:59.746" endtime="20230627 10:47:01.746"/>
</kw>
<kw name="Title Should Be" library="SeleniumLibrary">
<arg>OrangeHRM</arg>
<doc>Verifies that the current page title equals ``title``.</doc>
<msg timestamp="20230627 10:47:01.754" level="INFO">Page title is 'OrangeHRM'.</msg>
<status status="PASS" starttime="20230627 10:47:01.748" endtime="20230627 10:47:01.754"/>
</kw>
<status status="PASS" starttime="20230627 10:46:53.377" endtime="20230627 10:47:01.754"/>
</kw>
<kw name="Sleep" library="BuiltIn">
<arg>3</arg>
<doc>Pauses the test executed for the given time.</doc>
<msg timestamp="20230627 10:47:04.754" level="INFO">Slept 3 seconds</msg>
<status status="PASS" starttime="20230627 10:47:01.754" endtime="20230627 10:47:04.754"/>
</kw>
<kw name="Enter into the leave module" library="Resources">
<kw name="Click Element" library="SeleniumLibrary">
<arg>${leave_button}</arg>
<doc>Click the element identified by ``locator``.</doc>
<msg timestamp="20230627 10:47:04.754" level="INFO">Clicking element '//body/div[@id='app']/div[1]/div[1]/aside[1]/nav[1]/div[2]/ul[1]/li[3]/a[1]'.</msg>
<status status="PASS" starttime="20230627 10:47:04.754" endtime="20230627 10:47:05.718"/>
</kw>
<kw name="Sleep" library="BuiltIn">
<arg>3</arg>
<doc>Pauses the test executed for the given time.</doc>
<msg timestamp="20230627 10:47:08.720" level="INFO">Slept 3 seconds</msg>
<status status="PASS" starttime="20230627 10:47:05.719" endtime="20230627 10:47:08.720"/>
</kw>
<kw name="Click Element" library="SeleniumLibrary">
<arg>${entitle}</arg>
<doc>Click the element identified by ``locator``.</doc>
<msg timestamp="20230627 10:47:08.720" level="INFO">Clicking element '//header/div[2]/nav[1]/ul[1]/li[3]/span[1]'.</msg>
<status status="PASS" starttime="20230627 10:47:08.720" endtime="20230627 10:47:08.788"/>
</kw>
<kw name="Sleep" library="BuiltIn">
<arg>2</arg>
<doc>Pauses the test executed for the given time.</doc>
<msg timestamp="20230627 10:47:10.788" level="INFO">Slept 2 seconds</msg>
<status status="PASS" starttime="20230627 10:47:08.788" endtime="20230627 10:47:10.788"/>
</kw>
<kw name="Click Element" library="SeleniumLibrary">
<arg>${add_entitle}</arg>
<doc>Click the element identified by ``locator``.</doc>
<msg timestamp="20230627 10:47:10.788" level="INFO">Clicking element '//a[contains(text(),'Add Entitlements')]'.</msg>
<status status="PASS" starttime="20230627 10:47:10.788" endtime="20230627 10:47:11.363"/>
</kw>
<kw name="Sleep" library="BuiltIn">
<arg>3</arg>
<doc>Pauses the test executed for the given time.</doc>
<msg timestamp="20230627 10:47:14.365" level="INFO">Slept 3 seconds</msg>
<status status="PASS" starttime="20230627 10:47:11.364" endtime="20230627 10:47:14.365"/>
</kw>
<status status="PASS" starttime="20230627 10:47:04.754" endtime="20230627 10:47:14.365"/>
</kw>
<kw name="Sleep" library="BuiltIn">
<arg>3</arg>
<doc>Pauses the test executed for the given time.</doc>
<msg timestamp="20230627 10:47:17.365" level="INFO">Slept 3 seconds</msg>
<status status="PASS" starttime="20230627 10:47:14.365" endtime="20230627 10:47:17.365"/>
</kw>
<kw name="Add entitlement" library="Resources">
<kw name="Click Element" library="SeleniumLibrary">
<arg>${mul_employee}</arg>
<doc>Click the element identified by ``locator``.</doc>
<msg timestamp="20230627 10:47:17.374" level="INFO">Clicking element '//body/div[@id='app']/div[1]/div[2]/div[2]/div[1]/div[1]/form[1]/div[1]/div[1]/div[1]/div[1]/div[2]/div[2]/div[2]/div[1]/label[1]/span[1]'.</msg>
<status status="PASS" starttime="20230627 10:47:17.372" endtime="20230627 10:47:17.460"/>
</kw>
<kw name="Sleep" library="BuiltIn">
<arg>2</arg>
<doc>Pauses the test executed for the given time.</doc>
<msg timestamp="20230627 10:47:19.461" level="INFO">Slept 2 seconds</msg>
<status status="PASS" starttime="20230627 10:47:17.460" endtime="20230627 10:47:19.461"/>
</kw>
<kw name="Sleep" library="BuiltIn">
<arg>2</arg>
<doc>Pauses the test executed for the given time.</doc>
<msg timestamp="20230627 10:47:21.462" level="INFO">Slept 2 seconds</msg>
<status status="PASS" starttime="20230627 10:47:19.461" endtime="20230627 10:47:21.462"/>
</kw>
<kw name="Click Element" library="SeleniumLibrary">
<arg>${select}</arg>
<doc>Click the element identified by ``locator``.</doc>
<msg timestamp="20230627 10:47:21.462" level="INFO">Clicking element '//body[1]/div[1]/div[1]/div[2]/div[2]/div[1]/div[1]/form[1]/div[2]/div[1]/div[1]/div[1]/div[2]/div[1]/div[1]/div[2]/i[1]'.</msg>
<status status="PASS" starttime="20230627 10:47:21.462" endtime="20230627 10:47:21.551"/>
</kw>
<kw name="Sleep" library="BuiltIn">
<arg>5</arg>
<doc>Pauses the test executed for the given time.</doc>
<msg timestamp="20230627 10:47:26.551" level="INFO">Slept 5 seconds</msg>
<status status="PASS" starttime="20230627 10:47:21.551" endtime="20230627 10:47:26.551"/>
</kw>
<kw name="Click Element" library="SeleniumLibrary">
<arg>${select2}</arg>
<doc>Click the element identified by ``locator``.</doc>
<msg timestamp="20230627 10:47:26.551" level="INFO">Clicking element '//body/div[@id='app']/div[1]/div[2]/div[2]/div[1]/div[1]/form[1]/div[2]/div[1]/div[2]/div[1]/div[2]/div[1]/div[1]/div[2]/i[1]'.</msg>
<status status="PASS" starttime="20230627 10:47:26.551" endtime="20230627 10:47:26.643"/>
</kw>
<kw name="Sleep" library="BuiltIn">
<arg>3</arg>
<doc>Pauses the test executed for the given time.</doc>
<msg timestamp="20230627 10:47:29.645" level="INFO">Slept 3 seconds</msg>
<status status="PASS" starttime="20230627 10:47:26.643" endtime="20230627 10:47:29.645"/>
</kw>
<kw name="Click Element" library="SeleniumLibrary">
<arg>${subunit}</arg>
<doc>Click the element identified by ``locator``.</doc>
<msg timestamp="20230627 10:47:29.645" level="INFO">Clicking element '//body[1]/div[1]/div[1]/div[2]/div[2]/div[1]/div[1]/form[1]/div[2]/div[1]/div[2]/div[1]/div[2]/div[1]/div[1]'.</msg>
<status status="PASS" starttime="20230627 10:47:29.645" endtime="20230627 10:47:29.730"/>
</kw>
<kw name="Sleep" library="BuiltIn">
<arg>2</arg>
<doc>Pauses the test executed for the given time.</doc>
<msg timestamp="20230627 10:47:31.732" level="INFO">Slept 2 seconds</msg>
<status status="PASS" starttime="20230627 10:47:29.730" endtime="20230627 10:47:31.732"/>
</kw>
<kw name="Click Element" library="SeleniumLibrary">
<arg>${leave_type}</arg>
<doc>Click the element identified by ``locator``.</doc>
<msg timestamp="20230627 10:47:31.732" level="INFO">Clicking element '//body/div[@id='app']/div[1]/div[2]/div[2]/div[1]/div[1]/form[1]/div[3]/div[1]/div[1]/div[1]/div[2]/div[1]/div[1]/div[1]'.</msg>
<status status="PASS" starttime="20230627 10:47:31.732" endtime="20230627 10:47:31.821"/>
</kw>
<kw name="Sleep" library="BuiltIn">
<arg>3</arg>
<doc>Pauses the test executed for the given time.</doc>
<msg timestamp="20230627 10:47:34.821" level="INFO">Slept 3 seconds</msg>
<status status="PASS" starttime="20230627 10:47:31.821" endtime="20230627 10:47:34.821"/>
</kw>
<kw name="Click Element" library="SeleniumLibrary">
<arg>${leave_period}</arg>
<doc>Click the element identified by ``locator``.</doc>
<msg timestamp="20230627 10:47:34.821" level="INFO">Clicking element '//div[contains(text(),'2023-01-01 - 2023-12-31')]'.</msg>
<status status="PASS" starttime="20230627 10:47:34.821" endtime="20230627 10:47:34.909"/>
</kw>
<kw name="Sleep" library="BuiltIn">
<arg>3</arg>
<doc>Pauses the test executed for the given time.</doc>
<msg timestamp="20230627 10:47:37.911" level="INFO">Slept 3 seconds</msg>
<status status="PASS" starttime="20230627 10:47:34.909" endtime="20230627 10:47:37.911"/>
</kw>
<kw name="Input Text" library="SeleniumLibrary">
<arg>${entitlement}</arg>
<arg>mypersonalleave</arg>
<doc>Types the given ``text`` into the text field identified by ``locator``.</doc>
<msg timestamp="20230627 10:47:37.915" level="INFO">Typing text 'mypersonalleave' into text field '//body/div[@id='app']/div[1]/div[2]/div[2]/div[1]/div[1]/form[1]/div[3]/div[1]/div[3]/div[1]/div[2]/input[1]'.</msg>
<status status="PASS" starttime="20230627 10:47:37.911" endtime="20230627 10:47:38.070"/>
</kw>
<kw name="Sleep" library="BuiltIn">
<arg>3</arg>
<doc>Pauses the test executed for the given time.</doc>
<msg timestamp="20230627 10:47:41.071" level="INFO">Slept 3 seconds</msg>
<status status="PASS" starttime="20230627 10:47:38.070" endtime="20230627 10:47:41.071"/>
</kw>
<kw name="Click Button" library="SeleniumLibrary">
<arg>${save}</arg>
<doc>Clicks the button identified by ``locator``.</doc>
<msg timestamp="20230627 10:47:41.071" level="INFO">Clicking button '//button[@type='submit']'.</msg>
<status status="PASS" starttime="20230627 10:47:41.071" endtime="20230627 10:47:41.170"/>
</kw>
<status status="PASS" starttime="20230627 10:47:17.365" endtime="20230627 10:47:41.170"/>
</kw>
<kw name="Close Browser" library="SeleniumLibrary" type="TEARDOWN">
<doc>Closes the current browser.</doc>
<status status="PASS" starttime="20230627 10:47:41.170" endtime="20230627 10:47:43.337"/>
</kw>
<status status="PASS" starttime="20230627 10:46:44.430" endtime="20230627 10:47:43.337"/>
</test>
<test id="s1-t5" name="test_case4" line="36">
<kw name="start browser and maximize" library="Resources" type="SETUP">
<kw name="Open Browser" library="SeleniumLibrary">
<arg>${url}</arg>
<arg>${browser}</arg>
<doc>Opens a new browser instance to the optional ``url``.</doc>
<msg timestamp="20230627 10:47:43.337" level="INFO">Opening browser 'edge' to base url 'https://opensource-demo.orangehrmlive.com/'.</msg>
<status status="PASS" starttime="20230627 10:47:43.337" endtime="20230627 10:47:59.134"/>
</kw>
<kw name="Maximize Browser Window" library="SeleniumLibrary">
<doc>Maximizes current browser window.</doc>
<status status="PASS" starttime="20230627 10:47:59.134" endtime="20230627 10:47:59.255"/>
</kw>
<kw name="Sleep" library="BuiltIn">
<arg>3</arg>
<doc>Pauses the test executed for the given time.</doc>
<msg timestamp="20230627 10:48:02.257" level="INFO">Slept 3 seconds</msg>
<status status="PASS" starttime="20230627 10:47:59.256" endtime="20230627 10:48:02.257"/>
</kw>
<status status="PASS" starttime="20230627 10:47:43.337" endtime="20230627 10:48:02.259"/>
</kw>
<kw name="Enter username password click" library="Resources">
<kw name="Input Text" library="SeleniumLibrary">
<arg>${Username_login}</arg>
<arg>Admin</arg>
<doc>Types the given ``text`` into the text field identified by ``locator``.</doc>
<msg timestamp="20230627 10:48:02.263" level="INFO">Typing text 'Admin' into text field '//input[@placeholder='Username']'.</msg>
<status status="PASS" starttime="20230627 10:48:02.261" endtime="20230627 10:48:02.421"/>
</kw>
<kw name="Sleep" library="BuiltIn">
<arg>3</arg>
<doc>Pauses the test executed for the given time.</doc>
<msg timestamp="20230627 10:48:05.422" level="INFO">Slept 3 seconds</msg>
<status status="PASS" starttime="20230627 10:48:02.422" endtime="20230627 10:48:05.422"/>
</kw>
<kw name="Input Text" library="SeleniumLibrary">
<arg>${Password_login}</arg>
<arg>admin123</arg>
<doc>Types the given ``text`` into the text field identified by ``locator``.</doc>
<msg timestamp="20230627 10:48:05.424" level="INFO">Typing text 'admin123' into text field '//input[@placeholder='Password']'.</msg>
<status status="PASS" starttime="20230627 10:48:05.423" endtime="20230627 10:48:05.558"/>
</kw>
<kw name="Sleep" library="BuiltIn">
<arg>3</arg>
<doc>Pauses the test executed for the given time.</doc>
<msg timestamp="20230627 10:48:08.558" level="INFO">Slept 3 seconds</msg>
<status status="PASS" starttime="20230627 10:48:05.558" endtime="20230627 10:48:08.558"/>
</kw>
<kw name="Click Button" library="SeleniumLibrary">
<arg>${loginbutton}</arg>
<doc>Clicks the button identified by ``locator``.</doc>
<msg timestamp="20230627 10:48:08.560" level="INFO">Clicking button '//button[@type='submit']'.</msg>
<status status="PASS" starttime="20230627 10:48:08.559" endtime="20230627 10:48:08.654"/>
</kw>
<kw name="Sleep" library="BuiltIn">
<arg>2</arg>
<doc>Pauses the test executed for the given time.</doc>
<msg timestamp="20230627 10:48:10.655" level="INFO">Slept 2 seconds</msg>
<status status="PASS" starttime="20230627 10:48:08.655" endtime="20230627 10:48:10.655"/>
</kw>
<kw name="Title Should Be" library="SeleniumLibrary">
<arg>OrangeHRM</arg>
<doc>Verifies that the current page title equals ``title``.</doc>
<msg timestamp="20230627 10:48:10.680" level="INFO">Page title is 'OrangeHRM'.</msg>
<status status="PASS" starttime="20230627 10:48:10.655" endtime="20230627 10:48:10.680"/>
</kw>
<status status="PASS" starttime="20230627 10:48:02.260" endtime="20230627 10:48:10.685"/>
</kw>
<kw name="Sleep" library="BuiltIn">
<arg>3</arg>
<doc>Pauses the test executed for the given time.</doc>
<msg timestamp="20230627 10:48:13.690" level="INFO">Slept 3 seconds</msg>
<status status="PASS" starttime="20230627 10:48:10.688" endtime="20230627 10:48:13.690"/>
</kw>
<kw name="Generating the leave reports" library="Resources">
<kw name="Click Element" library="SeleniumLibrary">
<arg>${leave_button}</arg>
<doc>Click the element identified by ``locator``.</doc>
<msg timestamp="20230627 10:48:13.692" level="INFO">Clicking element '//body/div[@id='app']/div[1]/div[1]/aside[1]/nav[1]/div[2]/ul[1]/li[3]/a[1]'.</msg>
<status status="PASS" starttime="20230627 10:48:13.692" endtime="20230627 10:48:14.744"/>
</kw>
<kw name="Sleep" library="BuiltIn">
<arg>3</arg>
<doc>Pauses the test executed for the given time.</doc>
<msg timestamp="20230627 10:48:17.748" level="INFO">Slept 3 seconds</msg>
<status status="PASS" starttime="20230627 10:48:14.744" endtime="20230627 10:48:17.748"/>
</kw>
<kw name="Click Element" library="SeleniumLibrary">
<arg>${reports}</arg>
<doc>Click the element identified by ``locator``.</doc>
<msg timestamp="20230627 10:48:17.748" level="INFO">Clicking element '//header/div[2]/nav[1]/ul[1]/li[4]/span[1]'.</msg>
<status status="PASS" starttime="20230627 10:48:17.748" endtime="20230627 10:48:17.834"/>
</kw>
<kw name="Click Element" library="SeleniumLibrary">
<arg>${leave_report}</arg>
<doc>Click the element identified by ``locator``.</doc>
<msg timestamp="20230627 10:48:17.836" level="INFO">Clicking element '//a[contains(text(),'My Leave Entitlements and Usage Report')]'.</msg>
<status status="PASS" starttime="20230627 10:48:17.835" endtime="20230627 10:48:18.384"/>
</kw>
<kw name="Sleep" library="BuiltIn">
<arg>2</arg>
<doc>Pauses the test executed for the given time.</doc>
<msg timestamp="20230627 10:48:20.385" level="INFO">Slept 2 seconds</msg>
<status status="PASS" starttime="20230627 10:48:18.384" endtime="20230627 10:48:20.385"/>
</kw>
<kw name="Click Element" library="SeleniumLibrary">
<arg>${select3}</arg>
<doc>Click the element identified by ``locator``.</doc>
<msg timestamp="20230627 10:48:20.386" level="INFO">Clicking element '//body/div[@id='app']/div[1]/div[2]/div[2]/div[1]/div[1]/div[2]/form[1]/div[1]/div[1]/div[1]/div[1]/div[2]/div[1]/div[1]'.</msg>
<status status="PASS" starttime="20230627 10:48:20.385" endtime="20230627 10:48:20.453"/>
</kw>
<kw name="Sleep" library="BuiltIn">
<arg>5</arg>
<doc>Pauses the test executed for the given time.</doc>
<msg timestamp="20230627 10:48:25.457" level="INFO">Slept 5 seconds</msg>
<status status="PASS" starttime="20230627 10:48:20.453" endtime="20230627 10:48:25.457"/>
</kw>
<kw name="Click Button" library="SeleniumLibrary">
<arg>${generate}</arg>
<doc>Clicks the button identified by ``locator``.</doc>
<msg timestamp="20230627 10:48:25.457" level="INFO">Clicking button '//body/div[@id='app']/div[1]/div[2]/div[2]/div[1]/div[1]/div[2]/form[1]/div[2]/button[1]'.</msg>
<status status="PASS" starttime="20230627 10:48:25.457" endtime="20230627 10:48:25.548"/>
</kw>
<kw name="Sleep" library="BuiltIn">
<arg>2</arg>
<doc>Pauses the test executed for the given time.</doc>
<msg timestamp="20230627 10:48:27.549" level="INFO">Slept 2 seconds</msg>
<status status="PASS" starttime="20230627 10:48:25.549" endtime="20230627 10:48:27.551"/>
</kw>
<status status="PASS" starttime="20230627 10:48:13.690" endtime="20230627 10:48:27.552"/>
</kw>
<kw name="Close Browser" library="SeleniumLibrary" type="TEARDOWN">
<doc>Closes the current browser.</doc>
<status status="PASS" starttime="20230627 10:48:27.555" endtime="20230627 10:48:29.759"/>
</kw>
<status status="PASS" starttime="20230627 10:47:43.337" endtime="20230627 10:48:29.759"/>
</test>
<status status="PASS" starttime="20230627 10:44:21.851" endtime="20230627 10:48:29.759"/>
</suite>
<statistics>
<total>
<stat pass="5" fail="0" skip="0">All Tests</stat>
</total>
<tag>
</tag>
<suite>
<stat pass="5" fail="0" skip="0" id="s1" name="Testcases Hrm">Testcases Hrm</stat>
</suite>
</statistics>
<errors>
<msg timestamp="20230627 10:44:22.009" level="ERROR">Error in file 'c:\Users\dharm\.robotframework-ls\testcases_hrm.robot' on line 5: Error in file 'c:\Users\dharm\.robotframework-ls\orangeHRM.robot' on line 11: Resource file with 'Test Cases' section is invalid.</msg>
</errors>
</robot>
